# JRE version: OpenJDK Runtime Environment Temurin-23.0.2+7 (23.0.2+7) (build 23.0.2+7)
# Java VM: OpenJDK 64-Bit Server VM Temurin-23.0.2+7 (23.0.2+7, mixed mode, sharing, tiered, compressed oops, compressed class ptrs, g1 gc, windows-amd64)
GC Precious Log:
 CardTable entry size: 512
 Card Set container configuration: InlinePtr #cards 5 size 8 Array Of Cards #cards 10 size 36 Howl #buckets 4 coarsen threshold 1843 Howl Bitmap #cards 512 size 80 coarsen threshold 460 Card regions per heap region 1 cards per card region 2048
 CPUs: 4 total, 4 available
 Memory: 3994M
 Large Page Support: Disabled
 NUMA Support: Disabled
 Compressed Oops: Enabled (32-bit)
 Heap Region Size: 1M
 Heap Min Capacity: 8M
 Heap Initial Capacity: 64M
 Heap Max Capacity: 1000M
 Pre-touch: Disabled
 Parallel Workers: 4
 Concurrent Workers: 1
 Concurrent Refinement Workers: 4
 Periodic GC: Disabled
Heap:
 garbage-first heap   total reserved 1024000K, committed 46080K, used 24142K [0x00000000c1800000, 0x0000000100000000)
  region size 1024K, 10 young (10240K), 3 survivors (3072K)
 Metaspace       used 36419K, committed 36992K, reserved 1114112K
  class space    used 4372K, committed 4608K, reserved 1048576K
GC Heap History (20 events):
Event: 3115.145 GC heap after
{Heap after GC invocations=29 (full 7):
 garbage-first heap   total reserved 1024000K, committed 46080K, used 14963K [0x00000000c1800000, 0x0000000100000000)
  region size 1024K, 0 young (0K), 0 survivors (0K)
 Metaspace       used 35747K, committed 36352K, reserved 1114112K
  class space    used 4315K, committed 4608K, reserved 1048576K
}
Event: 3116.240 GC heap before
{Heap before GC invocations=29 (full 7):
 garbage-first heap   total reserved 1024000K, committed 46080K, used 37491K [0x00000000c1800000, 0x0000000100000000)
  region size 1024K, 23 young (23552K), 0 survivors (0K)
 Metaspace       used 35820K, committed 36416K, reserved 1114112K
  class space    used 4319K, committed 4608K, reserved 1048576K
}
Event: 3116.246 GC heap after
{Heap after GC invocations=30 (full 7):
 garbage-first heap   total reserved 1024000K, committed 46080K, used 17612K [0x00000000c1800000, 0x0000000100000000)
  region size 1024K, 3 young (3072K), 3 survivors (3072K)
 Metaspace       used 35820K, committed 36416K, reserved 1114112K
  class space    used 4319K, committed 4608K, reserved 1048576K
}
Event: 3317.733 GC heap before
{Heap before GC invocations=30 (full 7):
 garbage-first heap   total reserved 1024000K, committed 46080K, used 24780K [0x00000000c1800000, 0x0000000100000000)
  region size 1024K, 11 young (11264K), 3 survivors (3072K)
 Metaspace       used 35850K, committed 36416K, reserved 1114112K
  class space    used 4321K, committed 4608K, reserved 1048576K
}
Event: 3317.807 GC heap after
{Heap after GC invocations=31 (full 8):
 garbage-first heap   total reserved 1024000K, committed 46080K, used 15015K [0x00000000c1800000, 0x0000000100000000)
  region size 1024K, 0 young (0K), 0 survivors (0K)
 Metaspace       used 35847K, committed 36416K, reserved 1114112K
  class space    used 4320K, committed 4608K, reserved 1048576K
}
Event: 3318.583 GC heap before
{Heap before GC invocations=31 (full 8):
 garbage-first heap   total reserved 1024000K, committed 46080K, used 37543K [0x00000000c1800000, 0x0000000100000000)
  region size 1024K, 23 young (23552K), 0 survivors (0K)
 Metaspace       used 35934K, committed 36544K, reserved 1114112K
  class space    used 4324K, committed 4608K, reserved 1048576K
}
Event: 3318.592 GC heap after
{Heap after GC invocations=32 (full 8):
 garbage-first heap   total reserved 1024000K, committed 46080K, used 17910K [0x00000000c1800000, 0x0000000100000000)
  region size 1024K, 3 young (3072K), 3 survivors (3072K)
 Metaspace       used 35934K, committed 36544K, reserved 1114112K
  class space    used 4324K, committed 4608K, reserved 1048576K
}
Event: 3412.866 GC heap before
{Heap before GC invocations=32 (full 8):
 garbage-first heap   total reserved 1024000K, committed 46080K, used 22006K [0x00000000c1800000, 0x0000000100000000)
  region size 1024K, 8 young (8192K), 3 survivors (3072K)
 Metaspace       used 35951K, committed 36544K, reserved 1114112K
  class space    used 4325K, committed 4608K, reserved 1048576K
}
Event: 3412.929 GC heap after
{Heap after GC invocations=33 (full 9):
 garbage-first heap   total reserved 1024000K, committed 46080K, used 15056K [0x00000000c1800000, 0x0000000100000000)
  region size 1024K, 0 young (0K), 0 survivors (0K)
 Metaspace       used 35948K, committed 36544K, reserved 1114112K
  class space    used 4324K, committed 4608K, reserved 1048576K
}
Event: 3413.966 GC heap before
{Heap before GC invocations=33 (full 9):
 garbage-first heap   total reserved 1024000K, committed 46080K, used 37584K [0x00000000c1800000, 0x0000000100000000)
  region size 1024K, 23 young (23552K), 0 survivors (0K)
 Metaspace       used 36016K, committed 36608K, reserved 1114112K
  class space    used 4328K, committed 4608K, reserved 1048576K
}
Event: 3413.973 GC heap after
{Heap after GC invocations=34 (full 9):
 garbage-first heap   total reserved 1024000K, committed 46080K, used 17716K [0x00000000c1800000, 0x0000000100000000)
  region size 1024K, 3 young (3072K), 3 survivors (3072K)
 Metaspace       used 36016K, committed 36608K, reserved 1114112K
  class space    used 4328K, committed 4608K, reserved 1048576K
}
Event: 3421.604 GC heap before
{Heap before GC invocations=34 (full 9):
 garbage-first heap   total reserved 1024000K, committed 46080K, used 20788K [0x00000000c1800000, 0x0000000100000000)
  region size 1024K, 7 young (7168K), 3 survivors (3072K)
 Metaspace       used 36038K, committed 36608K, reserved 1114112K
  class space    used 4329K, committed 4608K, reserved 1048576K
}
Event: 3421.663 GC heap after
{Heap after GC invocations=35 (full 10):
 garbage-first heap   total reserved 1024000K, committed 46080K, used 15097K [0x00000000c1800000, 0x0000000100000000)
  region size 1024K, 0 young (0K), 0 survivors (0K)
 Metaspace       used 36035K, committed 36608K, reserved 1114112K
  class space    used 4328K, committed 4608K, reserved 1048576K
}
Event: 3422.536 GC heap before
{Heap before GC invocations=35 (full 10):
 garbage-first heap   total reserved 1024000K, committed 46080K, used 38649K [0x00000000c1800000, 0x0000000100000000)
  region size 1024K, 23 young (23552K), 0 survivors (0K)
 Metaspace       used 36098K, committed 36672K, reserved 1114112K
  class space    used 4332K, committed 4608K, reserved 1048576K
}
Event: 3422.544 GC heap after
{Heap after GC invocations=36 (full 10):
 garbage-first heap   total reserved 1024000K, committed 46080K, used 17760K [0x00000000c1800000, 0x0000000100000000)
  region size 1024K, 3 young (3072K), 3 survivors (3072K)
 Metaspace       used 36098K, committed 36672K, reserved 1114112K
  class space    used 4332K, committed 4608K, reserved 1048576K
}
Event: 3583.172 GC heap before
{Heap before GC invocations=36 (full 10):
 garbage-first heap   total reserved 1024000K, committed 46080K, used 22880K [0x00000000c1800000, 0x0000000100000000)
  region size 1024K, 9 young (9216K), 3 survivors (3072K)
 Metaspace       used 36106K, committed 36672K, reserved 1114112K
  class space    used 4333K, committed 4608K, reserved 1048576K
}
Event: 3583.223 GC heap after
{Heap after GC invocations=37 (full 11):
 garbage-first heap   total reserved 1024000K, committed 46080K, used 15213K [0x00000000c1800000, 0x0000000100000000)
  region size 1024K, 0 young (0K), 0 survivors (0K)
 Metaspace       used 36104K, committed 36672K, reserved 1114112K
  class space    used 4333K, committed 4608K, reserved 1048576K
}
Event: 3583.800 GC heap before
{Heap before GC invocations=37 (full 11):
 garbage-first heap   total reserved 1024000K, committed 46080K, used 37741K [0x00000000c1800000, 0x0000000100000000)
  region size 1024K, 23 young (23552K), 0 survivors (0K)
 Metaspace       used 36186K, committed 36800K, reserved 1114112K
  class space    used 4336K, committed 4608K, reserved 1048576K
}
Event: 3583.805 GC heap after
{Heap after GC invocations=38 (full 11):
 garbage-first heap   total reserved 1024000K, committed 46080K, used 17752K [0x00000000c1800000, 0x0000000100000000)
  region size 1024K, 3 young (3072K), 3 survivors (3072K)
 Metaspace       used 36186K, committed 36800K, reserved 1114112K
  class space    used 4336K, committed 4608K, reserved 1048576K
}
Event: 3670.587 GC heap before
{Heap before GC invocations=38 (full 11):
 garbage-first heap   total reserved 1024000K, committed 46080K, used 23896K [0x00000000c1800000, 0x0000000100000000)
  region size 1024K, 10 young (10240K), 3 survivors (3072K)
 Metaspace       used 36419K, committed 36992K, reserved 1114112K
  class space    used 4372K, committed 4608K, reserved 1048576K
}

