<?xml version="1.0" encoding="UTF-8"?>
<testsuite xmlns:xsi="http://www.w3.org/2001/XMLSchema-instance" xsi:noNamespaceSchemaLocation="https://maven.apache.org/surefire/maven-surefire-plugin/xsd/surefire-test-report.xsd" version="3.0.2" name="com.info.rewards_points_calculator.RewardsPointsCalculatorApplicationTests" time="10.108" tests="1" errors="0" skipped="0" failures="0">
  <properties>
[...]
</properties>
  <testcase name="contextLoads" classname="com.info.rewards_points_calculator.RewardsPointsCalculatorApplicationTests" time="3.469">
    <system-out><![CDATA[06:36:50.329 [main] INFO org.springframework.test.context.support.AnnotationConfigContextLoaderUtils -- Could not detect default configuration classes for test class [com.info.rewards_points_calculator.RewardsPointsCalculatorApplicationTests]: RewardsPointsCalculatorApplicationTests does not declare any static, non-private, non-final, nested classes annotated with @Configuration.
06:36:50.645 [main] INFO org.springframework.boot.test.context.SpringBootTestContextBootstrapper -- Found @SpringBootConfiguration com.info.rewards_points_calculator.RewardsPointsCalculatorApplication for test class com.info.rewards_points_calculator.RewardsPointsCalculatorApplicationTests
06:36:51.111 [main] INFO org.springframework.boot.devtools.restart.RestartApplicationListener -- Restart disabled due to context in which it is running

  .   ____          _            __ _ _
 /\\ / ___'_ __ _ _(_)_ __  __ _ \ \ \ \
( ( )\___ | '_ | '_| | '_ \/ _` | \ \ \ \
 \\/  ___)| |_)| | | | | || (_| |  ) ) ) )
  '  |____| .__|_| |_|_| |_\__, | / / / /
 =========|_|==============|___/=/_/_/_/

 :: Spring Boot ::                (v3.4.3)

2025-03-12T06:36:52.059+05:30  INFO 2808 --- [rewards-points-calculator] [           main] .RewardsPointsCalculatorApplicationTests : Starting RewardsPointsCalculatorApplicationTests using Java 23.0.2 with PID 2808 (started by Shreejeet in C:\Projects\rewards-points-calculator\rewards-points-calculator)
2025-03-12T06:36:52.063+05:30  INFO 2808 --- [rewards-points-calculator] [           main] .RewardsPointsCalculatorApplicationTests : No active profile set, falling back to 1 default profile: "default"
2025-03-12T06:36:56.387+05:30  INFO 2808 --- [rewards-points-calculator] [           main] .RewardsPointsCalculatorApplicationTests : Started RewardsPointsCalculatorApplicationTests in 5.329 seconds (process running for 8.615)
]]></system-out>
    <system-err><![CDATA[Mockito is currently self-attaching to enable the inline-mock-maker. This will no longer work in future releases of the JDK. Please add Mockito as an agent to your build what is described in Mockito's documentation: https://javadoc.io/doc/org.mockito/mockito-core/latest/org/mockito/Mockito.html#0.3
WARNING: A Java agent has been loaded dynamically (C:\Users\Shreejeet\.m2\repository\net\bytebuddy\byte-buddy-agent\1.15.11\byte-buddy-agent-1.15.11.jar)
WARNING: If a serviceability tool is in use, please run with -XX:+EnableDynamicAgentLoading to hide this warning
WARNING: If a serviceability tool is not in use, please run with -Djdk.instrument.traceUsage for more information
WARNING: Dynamic loading of agents will be disallowed by default in a future release
]]></system-err>
  </testcase>
</testsuite>